<?xml version="1.0" encoding="UTF-8"?>
<testsuite name="com.pgd.planilla.service.ProcesadorPlanillasTest" tests="3" skipped="0" failures="0" errors="0" timestamp="2024-01-26T20:29:09" hostname="LAPTOP-2UG3QN7Q" time="0.198">
  <properties/>
  <testcase name="testTotalWithNoActiveEmployees()" classname="com.pgd.planilla.service.ProcesadorPlanillasTest" time="0.19"/>
  <testcase name="testTotalWithValidData()" classname="com.pgd.planilla.service.ProcesadorPlanillasTest" time="0.002"/>
  <testcase name="testTotalWithNegativeMontoMensual()" classname="com.pgd.planilla.service.ProcesadorPlanillasTest" time="0.003"/>
  <system-out><![CDATA[]]></system-out>
  <system-err><![CDATA[]]></system-err>
</testsuite>
