<?xml version="1.0" encoding="UTF-8"?>
<testsuite name="com.pgd.planilla.PlanillaApplicationTests" tests="1" skipped="0" failures="0" errors="0" timestamp="2024-01-26T20:29:08" hostname="LAPTOP-2UG3QN7Q" time="0.718">
  <properties/>
  <testcase name="contextLoads()" classname="com.pgd.planilla.PlanillaApplicationTests" time="0.718"/>
  <system-out><![CDATA[15:29:07.007 [Test worker] INFO org.springframework.test.context.support.AnnotationConfigContextLoaderUtils -- Could not detect default configuration classes for test class [com.pgd.planilla.PlanillaApplicationTests]: PlanillaApplicationTests does not declare any static, non-private, non-final, nested classes annotated with @Configuration.
15:29:07.107 [Test worker] INFO org.springframework.boot.test.context.SpringBootTestContextBootstrapper -- Found @SpringBootConfiguration com.pgd.planilla.PlanillaApplication for test class com.pgd.planilla.PlanillaApplicationTests

  .   ____          _            __ _ _
 /\\ / ___'_ __ _ _(_)_ __  __ _ \ \ \ \
( ( )\___ | '_ | '_| | '_ \/ _` | \ \ \ \
 \\/  ___)| |_)| | | | | || (_| |  ) ) ) )
  '  |____| .__|_| |_|_| |_\__, | / / / /
 =========|_|==============|___/=/_/_/_/
 :: Spring Boot ::                (v3.2.2)

2024-01-26T15:29:07.457-05:00  INFO 33240 --- [    Test worker] c.pgd.planilla.PlanillaApplicationTests  : Starting PlanillaApplicationTests using Java 17.0.10 with PID 33240 (started by krist in C:\Users\krist\Documents\planillas)
2024-01-26T15:29:07.457-05:00  INFO 33240 --- [    Test worker] c.pgd.planilla.PlanillaApplicationTests  : No active profile set, falling back to 1 default profile: "default"
2024-01-26T15:29:08.497-05:00  INFO 33240 --- [    Test worker] c.pgd.planilla.PlanillaApplicationTests  : Started PlanillaApplicationTests in 1.23 seconds (process running for 2.327)
]]></system-out>
  <system-err><![CDATA[]]></system-err>
</testsuite>
